PRISM-games
===========

Version: 3.0.beta (based on PRISM 4.5.dev)
Date: Mon May 01 00:16:47 CEST 2023
Hostname: matrix
Memory limits: cudd=1g, java(heap)=5g
Command line: prism-games ../random-generated-models/moreTrees/RANDOM_Size_32_Type-tree_MinTransProb_0.01_Model_16.prism ../case-studies/randomModels.props -prop 1 -svi -maxiters 1 -javamaxmem 5g -javastack 1g

Parsing model file "../random-generated-models/moreTrees/RANDOM_Size_32_Type-tree_MinTransProb_0.01_Model_16.prism"...

Type:        SMG
Modules:     player1 player2 
Variables:   state 

Switching to explicit engine, which supports SMGs...

Parsing properties file "../case-studies/randomModels.props"...

1 property:
(1) <<P1>>Pmax=? [ F "p1win" ]

---------------------------------------------------------------------

Model checking: <<P1>>Pmax=? [ F "p1win" ]

Building model...

Computing reachable states... 32 states
Reachable states exploration and model construction done in 0.012 secs.
Sorting reachable states list...

Time for model construction: 0.02 seconds.

Type:        SMG
States:      32 (1 initial)
Transitions: 94
Choices:     64
Max/avg:     2/2.00

Starting probabilistic reachability...
Starting Prob0 (maxmin)...
Prob0 (maxmin) took 7 iterations and 0.001 seconds.
Starting Prob1 (maxmin)...
Prob1 (maxmin) took 9 iterations and 0.001 seconds.
target=1, yes=1, no=6, maybe=25
Doing sound value iteration variant SOUND_VALUE_ITERATION with solnMethodOptions=0, maxIters=1, epsilon=1.0E-6 and topological=false
Starting Sound value iteration (maxmin)...
Getting MECs...
Number of MECs SVI: 8
Resulting interval: [7.599991106604087E-4,7.609945134714066E-4]
Sound Value iteration variant SOUND_VALUE_ITERATION(maxmin) took 1564 iterations and 0.096 seconds.
Probabilistic reachability took 0.107 seconds.

Value in the initial state: 7.604968120659077E-4

Time for model checking: 0.111 seconds.

Result: 7.604968120659077E-4 (value in the initial state)

