PRISM-games
===========

Version: 3.0.beta (based on PRISM 4.5.dev)
Date: Mon May 01 00:17:02 CEST 2023
Hostname: matrix
Memory limits: cudd=1g, java(heap)=5g
Command line: prism-games ../random-generated-models/moreTrees/RANDOM_Size_22_Type-tree_MinTransProb_0.0001_Model_5.prism ../case-studies/randomModels.props -prop 1 -svi -maxiters 1 -javamaxmem 5g -javastack 1g

Parsing model file "../random-generated-models/moreTrees/RANDOM_Size_22_Type-tree_MinTransProb_0.0001_Model_5.prism"...

Type:        SMG
Modules:     player1 player2 
Variables:   state 

Switching to explicit engine, which supports SMGs...

Parsing properties file "../case-studies/randomModels.props"...

1 property:
(1) <<P1>>Pmax=? [ F "p1win" ]

---------------------------------------------------------------------

Model checking: <<P1>>Pmax=? [ F "p1win" ]

Building model...

Computing reachable states... 22 states
Reachable states exploration and model construction done in 0.013 secs.
Sorting reachable states list...

Time for model construction: 0.022 seconds.

Type:        SMG
States:      22 (1 initial)
Transitions: 64
Choices:     43
Max/avg:     2/1.95

Starting probabilistic reachability...
Starting Prob0 (maxmin)...
Prob0 (maxmin) took 6 iterations and 0.0 seconds.
Starting Prob1 (maxmin)...
Prob1 (maxmin) took 8 iterations and 0.001 seconds.
target=1, yes=1, no=6, maybe=15
Doing sound value iteration variant SOUND_VALUE_ITERATION with solnMethodOptions=0, maxIters=1, epsilon=1.0E-6 and topological=false
Starting Sound value iteration (maxmin)...
Getting MECs...
Number of MECs SVI: 6
Resulting interval: [0.0010124631106016727,0.0010130977467740822]
Sound Value iteration variant SOUND_VALUE_ITERATION(maxmin) took 20 iterations and 0.011 seconds.
Probabilistic reachability took 0.024 seconds.

Value in the initial state: 0.0010127804286878775

Time for model checking: 0.028 seconds.

Result: 0.0010127804286878775 (value in the initial state)

