PRISM-games
===========

Version: 3.0.beta (based on PRISM 4.5.dev)
Date: Sun Apr 30 22:57:26 CEST 2023
Hostname: matrix
Memory limits: cudd=1g, java(heap)=5g
Command line: prism-games ../case-studies/AV10_10.prism ../case-studies/AV.props -prop 3 -javamaxmem 5g -javastack 1g

Parsing model file "../case-studies/AV10_10.prism"...

Type:        SMG
Modules:     intruder observer 
Variables:   turn caught found_item x y s1 a b s2 detected 

Switching to explicit engine, which supports SMGs...

Parsing properties file "../case-studies/AV.props"...

3 properties:
(1) <<1>>Pmax=? [ F "caught" ]
(2) <<1>>Pmax=? [ F "exit" ]
(3) <<1>>Pmax=? [ F "found_item" ]

---------------------------------------------------------------------

Model checking: <<1>>Pmax=? [ F "found_item" ]

Building model...

Computing reachable states... 106524 states
Reachable states exploration and model construction done in 1.707 secs.
Sorting reachable states list...

Time for model construction: 2.061 seconds.

Type:        SMG
States:      106524 (1 initial)
Transitions: 297790
Choices:     231542
Max/avg:     6/2.17

Starting probabilistic reachability...
Starting Prob0 (maxmin)...
Prob0 (maxmin) took 9 iterations and 0.402 seconds.
Starting Prob1 (maxmin)...
Prob1 (maxmin) took 1656 iterations and 42.223 seconds.
target=53262, yes=91445, no=1401, maybe=13678
Doing value iteration variant VALUE_ITERATION with solnMethodOptions=0, maxIters=10000, epsilon=1.0E-6 and topological=false
Starting value iteration (maxmin)...
Resulting interval: [1.0,none]
Value iteration variant VALUE_ITERATION(maxmin) took 155 iterations and 1.116 seconds.
Probabilistic reachability took 45.091 seconds.

Value in the initial state: 1.0

Time for model checking: 45.108 seconds.

Result: 1.0 (value in the initial state)

