PRISM-games
===========

Version: 3.0.beta (based on PRISM 4.5.dev)
Date: Sun Apr 30 22:56:27 CEST 2023
Hostname: matrix
Memory limits: cudd=1g, java(heap)=5g
Command line: prism-games ../case-studies/AV15_15.prism ../case-studies/AV.props -prop 2 -javamaxmem 5g -javastack 1g

Parsing model file "../case-studies/AV15_15.prism"...

Type:        SMG
Modules:     intruder observer 
Variables:   turn caught found_item x y s1 a b s2 detected 

Switching to explicit engine, which supports SMGs...

Parsing properties file "../case-studies/AV.props"...

3 properties:
(1) <<1>>Pmax=? [ F "caught" ]
(2) <<1>>Pmax=? [ F "exit" ]
(3) <<1>>Pmax=? [ F "found_item" ]

---------------------------------------------------------------------

Model checking: <<1>>Pmax=? [ F "exit" ]

Building model...

Computing reachable states... 237706 480464 states
Reachable states exploration and model construction done in 5.748 secs.
Sorting reachable states list...

Time for model construction: 6.711 seconds.

Type:        SMG
States:      480464 (1 initial)
Transitions: 1380660
Choices:     1028092
Max/avg:     6/2.14

Starting probabilistic reachability...
Starting Prob0 (maxmin)...
Prob0 (maxmin) took 121 iterations and 19.812 seconds.
Starting Prob1 (maxmin)...
Prob1 (maxmin) took 3146 iterations and 667.505 seconds.
target=1884, yes=346012, no=17136, maybe=117316
Doing value iteration variant VALUE_ITERATION with solnMethodOptions=0, maxIters=10000, epsilon=1.0E-6 and topological=false
Starting value iteration (maxmin)...
Resulting interval: [0.9999999999995816,none]
Value iteration variant VALUE_ITERATION(maxmin) took 165 iterations and 10.599 seconds.
Probabilistic reachability took 705.524 seconds.

Value in the initial state: 0.9999999999995816

Time for model checking: 705.554 seconds.

Result: 0.9999999999995816 (value in the initial state)

