PRISM-games
===========

Version: 3.0.beta (based on PRISM 4.5.dev)
Date: Sun Apr 30 23:08:20 CEST 2023
Hostname: matrix
Memory limits: cudd=1g, java(heap)=5g
Command line: prism-games ../case-studies/AV15_15.prism ../case-studies/AV.props -prop 3 -javamaxmem 5g -javastack 1g

Parsing model file "../case-studies/AV15_15.prism"...

Type:        SMG
Modules:     intruder observer 
Variables:   turn caught found_item x y s1 a b s2 detected 

Switching to explicit engine, which supports SMGs...

Parsing properties file "../case-studies/AV.props"...

3 properties:
(1) <<1>>Pmax=? [ F "caught" ]
(2) <<1>>Pmax=? [ F "exit" ]
(3) <<1>>Pmax=? [ F "found_item" ]

---------------------------------------------------------------------

Model checking: <<1>>Pmax=? [ F "found_item" ]

Building model...

Computing reachable states... 241570 480464 states
Reachable states exploration and model construction done in 5.561 secs.
Sorting reachable states list...

Time for model construction: 6.546 seconds.

Type:        SMG
States:      480464 (1 initial)
Transitions: 1380660
Choices:     1028092
Max/avg:     6/2.14

Starting probabilistic reachability...
Starting Prob0 (maxmin)...
Prob0 (maxmin) took 9 iterations and 1.137 seconds.
Starting Prob1 (maxmin)...
Prob1 (maxmin) took 3746 iterations and 280.745 seconds.
target=240232, yes=414160, no=3306, maybe=62998
Doing value iteration variant VALUE_ITERATION with solnMethodOptions=0, maxIters=10000, epsilon=1.0E-6 and topological=false
Starting value iteration (maxmin)...
Resulting interval: [1.0,none]
Value iteration variant VALUE_ITERATION(maxmin) took 157 iterations and 2.831 seconds.
Probabilistic reachability took 289.107 seconds.

Value in the initial state: 1.0

Time for model checking: 289.13 seconds.

Result: 1.0 (value in the initial state)

