PRISM-games
===========

Version: 3.0.beta (based on PRISM 4.5.dev)
Date: Mon May 01 00:14:25 CEST 2023
Hostname: matrix
Memory limits: cudd=1g, java(heap)=5g
Command line: prism-games ../random-generated-models/moreTrees/RANDOM_Size_22_MinAct_5_Type-tree_MinTransProb_0.01_Model_1.prism ../case-studies/randomModels.props -prop 1 -ii -maxiters 1 -javamaxmem 5g -javastack 1g

Parsing model file "../random-generated-models/moreTrees/RANDOM_Size_22_MinAct_5_Type-tree_MinTransProb_0.01_Model_1.prism"...

Type:        SMG
Modules:     player1 player2 
Variables:   state 

Switching to explicit engine, which supports SMGs...

Parsing properties file "../case-studies/randomModels.props"...

1 property:
(1) <<P1>>Pmax=? [ F "p1win" ]

---------------------------------------------------------------------

Model checking: <<P1>>Pmax=? [ F "p1win" ]

Building model...

Computing reachable states... 22 states
Reachable states exploration and model construction done in 0.013 secs.
Sorting reachable states list...

Time for model construction: 0.021 seconds.

Type:        SMG
States:      22 (1 initial)
Transitions: 64
Choices:     40
Max/avg:     2/1.82

Starting probabilistic reachability...
Starting Prob0 (maxmin)...
Prob0 (maxmin) took 6 iterations and 0.002 seconds.
Starting Prob1 (maxmin)...
Prob1 (maxmin) took 8 iterations and 0.002 seconds.
target=1, yes=1, no=1, maybe=20
Doing value iteration variant INTERVAL_ITERATION with solnMethodOptions=0, maxIters=1, epsilon=1.0E-6 and topological=false
Starting value iteration (maxmin)...
Getting MECs...
Number of MECs: 0
Resulting interval: [0.009999999994951428,0.010000627693471556]
Value iteration variant INTERVAL_ITERATION(maxmin) took 19 iterations and 0.015 seconds.
Probabilistic reachability took 0.032 seconds.

Value in the initial state: 0.009999999994951428

Time for model checking: 0.037 seconds.

Result: 0.009999999994951428 (value in the initial state)

