PRISM-games
===========

Version: 3.0.beta (based on PRISM 4.5.dev)
Date: Mon May 01 00:15:53 CEST 2023
Hostname: matrix
Memory limits: cudd=1g, java(heap)=5g
Command line: prism-games ../random-generated-models/moreTrees/RANDOM_Size_32_Type-tree_Model_19.prism ../case-studies/randomModels.props -prop 1 -ii -maxiters 1 -javamaxmem 5g -javastack 1g

Parsing model file "../random-generated-models/moreTrees/RANDOM_Size_32_Type-tree_Model_19.prism"...

Type:        SMG
Modules:     player1 player2 
Variables:   state 

Switching to explicit engine, which supports SMGs...

Parsing properties file "../case-studies/randomModels.props"...

1 property:
(1) <<P1>>Pmax=? [ F "p1win" ]

---------------------------------------------------------------------

Model checking: <<P1>>Pmax=? [ F "p1win" ]

Building model...

Computing reachable states... 32 states
Reachable states exploration and model construction done in 0.016 secs.
Sorting reachable states list...

Time for model construction: 0.027 seconds.

Type:        SMG
States:      32 (1 initial)
Transitions: 85
Choices:     63
Max/avg:     2/1.97

Starting probabilistic reachability...
Starting Prob0 (maxmin)...
Prob0 (maxmin) took 5 iterations and 0.001 seconds.
Starting Prob1 (maxmin)...
Prob1 (maxmin) took 7 iterations and 0.001 seconds.
target=1, yes=1, no=17, maybe=14
Doing value iteration variant INTERVAL_ITERATION with solnMethodOptions=0, maxIters=1, epsilon=1.0E-6 and topological=false
Starting value iteration (maxmin)...
Getting MECs...
Number of MECs: 4
Resulting interval: [0.8999991416931152,0.9000000953674316]
Value iteration variant INTERVAL_ITERATION(maxmin) took 81 iterations and 0.055 seconds.
Probabilistic reachability took 0.07 seconds.

Value in the initial state: 0.8999991416931152

Time for model checking: 0.075 seconds.

Result: 0.8999991416931152 (value in the initial state)

