PRISM-games
===========

Version: 3.0.beta (based on PRISM 4.5.dev)
Date: Mon May 01 00:15:22 CEST 2023
Hostname: matrix
Memory limits: cudd=1g, java(heap)=5g
Command line: prism-games ../random-generated-models/moreTrees/RANDOM_Size_32_Type-tree_MinTransProb_0.01_Model_16.prism ../case-studies/randomModels.props -prop 1 -ii -maxiters 1 -javamaxmem 5g -javastack 1g

Parsing model file "../random-generated-models/moreTrees/RANDOM_Size_32_Type-tree_MinTransProb_0.01_Model_16.prism"...

Type:        SMG
Modules:     player1 player2 
Variables:   state 

Switching to explicit engine, which supports SMGs...

Parsing properties file "../case-studies/randomModels.props"...

1 property:
(1) <<P1>>Pmax=? [ F "p1win" ]

---------------------------------------------------------------------

Model checking: <<P1>>Pmax=? [ F "p1win" ]

Building model...

Computing reachable states... 32 states
Reachable states exploration and model construction done in 0.014 secs.
Sorting reachable states list...

Time for model construction: 0.021 seconds.

Type:        SMG
States:      32 (1 initial)
Transitions: 94
Choices:     64
Max/avg:     2/2.00

Starting probabilistic reachability...
Starting Prob0 (maxmin)...
Prob0 (maxmin) took 7 iterations and 0.002 seconds.
Starting Prob1 (maxmin)...
Prob1 (maxmin) took 9 iterations and 0.001 seconds.
target=1, yes=1, no=6, maybe=25
Doing value iteration variant INTERVAL_ITERATION with solnMethodOptions=0, maxIters=1, epsilon=1.0E-6 and topological=false
Starting value iteration (maxmin)...
Getting MECs...
Number of MECs: 8
Resulting interval: [7.599255950169769E-4,7.609255001372414E-4]
Value iteration variant INTERVAL_ITERATION(maxmin) took 1057 iterations and 0.292 seconds.
Probabilistic reachability took 0.313 seconds.

Value in the initial state: 7.599255950169769E-4

Time for model checking: 0.32 seconds.

Result: 7.599255950169769E-4 (value in the initial state)

