PRISM-games
===========

Version: 3.0.beta (based on PRISM 4.5.dev)
Date: Sun Apr 30 23:43:37 CEST 2023
Hostname: matrix
Memory limits: cudd=1g, java(heap)=5g
Command line: prism-games ../case-studies/haddad-monmege-SG.pm ../case-studies/haddad-monmege.prctl -const 'N=10,p=0.5' -javamaxmem 5g -javastack 1g

Parsing model file "../case-studies/haddad-monmege-SG.pm"...

Type:        SMG
Modules:     main 
Variables:   x 

Switching to explicit engine, which supports SMGs...

Parsing properties file "../case-studies/haddad-monmege.prctl"...

1 property:
(1) "target": Pmax=? [ F "Target" ]

---------------------------------------------------------------------

Model checking: "target": Pmax=? [ F "Target" ]
Model constants: N=10,p=0.5

Building model...
Model constants: N=10,p=0.5

Computing reachable states... 21 states
Reachable states exploration and model construction done in 0.01 secs.
Sorting reachable states list...

Time for model construction: 0.018 seconds.

Type:        SMG
States:      21 (1 initial)
Transitions: 40
Choices:     21
Max/avg:     1/1.00

Starting probabilistic reachability...
Starting Prob0 (maxmax)...
Prob0 (maxmax) took 12 iterations and 0.001 seconds.
Starting Prob1 (maxmax)...
Prob1 (maxmax) took 131 iterations and 0.004 seconds.
target=1, yes=1, no=1, maybe=19
Doing value iteration variant VALUE_ITERATION with solnMethodOptions=0, maxIters=10000, epsilon=1.0E-6 and topological=false
Starting value iteration (maxmax)...
Resulting interval: [0.49923966059126823,none]
Value iteration variant VALUE_ITERATION(maxmax) took 9908 iterations and 0.069 seconds.
Probabilistic reachability took 0.089 seconds.

Value in the initial state: 0.49923966059126823

Time for model checking: 0.092 seconds.

Result: 0.49923966059126823 (value in the initial state)

