PRISM-games
===========

Version: 3.0.beta (based on PRISM 4.5.dev)
Date: Sun Apr 30 23:43:39 CEST 2023
Hostname: matrix
Memory limits: cudd=1g, java(heap)=5g
Command line: prism-games ../case-studies/haddad-monmege-SG.pm ../case-studies/haddad-monmege.prctl -const 'N=25,p=0.5' -javamaxmem 5g -javastack 1g

Parsing model file "../case-studies/haddad-monmege-SG.pm"...

Type:        SMG
Modules:     main 
Variables:   x 

Switching to explicit engine, which supports SMGs...

Parsing properties file "../case-studies/haddad-monmege.prctl"...

1 property:
(1) "target": Pmax=? [ F "Target" ]

---------------------------------------------------------------------

Model checking: "target": Pmax=? [ F "Target" ]
Model constants: N=25,p=0.5

Building model...
Model constants: N=25,p=0.5

Computing reachable states... 51 states
Reachable states exploration and model construction done in 0.014 secs.
Sorting reachable states list...

Time for model construction: 0.022 seconds.

Type:        SMG
States:      51 (1 initial)
Transitions: 100
Choices:     51
Max/avg:     1/1.00

Starting probabilistic reachability...
Starting Prob0 (maxmax)...
Prob0 (maxmax) took 27 iterations and 0.004 seconds.
Starting Prob1 (maxmax)...
Prob1 (maxmax) took 701 iterations and 0.015 seconds.
target=1, yes=1, no=1, maybe=49
Doing value iteration variant VALUE_ITERATION with solnMethodOptions=0, maxIters=10000, epsilon=1.0E-6 and topological=false
Starting value iteration (maxmax)...
Resulting interval: [9.911605984120589E-5,none]
Value iteration variant VALUE_ITERATION(maxmax) took 10001 iterations and 0.107 seconds.
Probabilistic reachability took 0.145 seconds.

Value in the initial state: 9.911605984120589E-5

Time for model checking: 0.15 seconds.

Result: 9.911605984120589E-5 (value in the initial state)

