PRISM-games
===========

Version: 3.0.beta (based on PRISM 4.5.dev)
Date: Sun Apr 30 23:43:29 CEST 2023
Hostname: matrix
Memory limits: cudd=1g, java(heap)=5g
Command line: prism-games ../case-studies/ManyMecs.prism ../case-studies/ManyMecs.props -const N=100 -javamaxmem 5g -javastack 1g

Parsing model file "../case-studies/ManyMecs.prism"...

Type:        SMG
Modules:     player1 player2 
Variables:   state i 

Switching to explicit engine, which supports SMGs...

Parsing properties file "../case-studies/ManyMecs.props"...

1 property:
(1) <<P1>>Pmax=? [ F "p1win" ]

---------------------------------------------------------------------

Model checking: <<P1>>Pmax=? [ F "p1win" ]
Model constants: N=100

Building model...
Model constants: N=100

Computing reachable states... 302 states
Reachable states exploration and model construction done in 0.064 secs.
Sorting reachable states list...

Time for model construction: 0.08 seconds.

Type:        SMG
States:      302 (1 initial)
Transitions: 902
Choices:     602
Max/avg:     2/1.99

Starting probabilistic reachability...
Starting Prob0 (maxmin)...
Prob0 (maxmin) took 201 iterations and 0.037 seconds.
Starting Prob1 (maxmin)...
Prob1 (maxmin) took 203 iterations and 0.042 seconds.
target=1, yes=1, no=1, maybe=300
Doing value iteration variant VALUE_ITERATION with solnMethodOptions=0, maxIters=10000, epsilon=1.0E-6 and topological=false
Starting value iteration (maxmin)...
Resulting interval: [0.4999970407068775,none]
Value iteration variant VALUE_ITERATION(maxmin) took 691 iterations and 0.118 seconds.
Probabilistic reachability took 0.27 seconds.

Value in the initial state: 0.4999970407068775

Time for model checking: 0.277 seconds.

Result: 0.4999970407068775 (value in the initial state)

