PRISM-games
===========

Version: 3.0.beta (based on PRISM 4.5.dev)
Date: Mon May 01 04:16:04 CEST 2023
Hostname: matrix
Memory limits: cudd=1g, java(heap)=5g
Command line: prism-games ../case-studies/AV10_10.prism ../case-studies/AV.props -prop 1 -javamaxmem 5g -javastack 1g

Parsing model file "../case-studies/AV10_10.prism"...

Type:        SMG
Modules:     intruder observer 
Variables:   turn caught found_item x y s1 a b s2 detected 

Switching to explicit engine, which supports SMGs...

Parsing properties file "../case-studies/AV.props"...

3 properties:
(1) <<1>>Pmax=? [ F "caught" ]
(2) <<1>>Pmax=? [ F "exit" ]
(3) <<1>>Pmax=? [ F "found_item" ]

---------------------------------------------------------------------

Model checking: <<1>>Pmax=? [ F "caught" ]

Building model...

Computing reachable states... 106524 states
Reachable states exploration and model construction done in 2.134 secs.
Sorting reachable states list...

Time for model construction: 2.616 seconds.

Type:        SMG
States:      106524 (1 initial)
Transitions: 297790
Choices:     231542
Max/avg:     6/2.17

Starting probabilistic reachability...
Starting Prob0 (maxmin)...
Prob0 (maxmin) took 2 iterations and 0.192 seconds.
Starting Prob1 (maxmin)...
Prob1 (maxmin) took 4 iterations and 0.348 seconds.
target=198, yes=396, no=106128, maybe=0
Doing value iteration variant VALUE_ITERATION with solnMethodOptions=0, maxIters=10000, epsilon=1.0E-6 and topological=false
Starting value iteration (maxmin)...
Resulting interval: [0.0,none]
Value iteration variant VALUE_ITERATION(maxmin) took 1 iterations and 0.142 seconds.
Probabilistic reachability took 1.283 seconds.

Value in the initial state: 0.0

Time for model checking: 1.301 seconds.

Result: 0.0 (value in the initial state)

