PRISM-games
===========

Version: 3.0.beta (based on PRISM 4.5.dev)
Date: Mon May 01 04:20:29 CEST 2023
Hostname: matrix
Memory limits: cudd=1g, java(heap)=5g
Command line: prism-games ../case-studies/prisoners_dilemma.prism ../case-studies/prisoners_dilemma.props -prop 9 -javamaxmem 5g -javastack 1g

Parsing model file "../case-studies/prisoners_dilemma.prism"...

Type:        SMG
Modules:     scheduler agent1 agent2 agent3 
Variables:   turn outcome s1 s2 s3 

Switching to explicit engine, which supports SMGs...

Parsing properties file "../case-studies/prisoners_dilemma.props"...

12 properties:
(1) <<ag1,ag3,sched,ag2>>R{"Coalition123"}max=? [ Fc target ]
(2) <<ag1,ag3,sched,ag2>>R{"Coalition123"}min=? [ Fc target ]
(3) <<ag1,sched,ag2>>R{"Coalition12"}max=? [ Fc target ]
(4) <<ag1,sched,ag2>>R{"Coalition12"}min=? [ Fc target ]
(5) <<ag1,ag2>>R{"Coalition12"}max=? [ Fc target ]
(6) <<ag1,ag2>>R{"Coalition12"}min=? [ Fc target ]
(7) <<ag1>>R{"Coalition1"}max=? [ Fc target ]
(8) <<ag1>>R{"Coalition1"}min=? [ Fc target ]
(9) <<ag1,sched,ag2>>Pmax=? [ F cooperating ]
(10) <<ag1,ag2>>Pmax=? [ F cooperating|defecting ]
(11) <<ag1,sched,ag2>>Pmax=? [ F cooperating|defecting ]
(12) <<1>>P>=0.5 [ target U !target ]

---------------------------------------------------------------------

Model checking: <<ag1,sched,ag2>>Pmax=? [ F cooperating ]

Building model...

Computing reachable states... 102 states
Reachable states exploration and model construction done in 0.022 secs.
Sorting reachable states list...

Time for model construction: 0.033 seconds.

Type:        SMG
States:      102 (1 initial)
Transitions: 153
Choices:     137
Max/avg:     3/1.34

Starting probabilistic reachability...
Starting Prob0 (maxmin)...
Prob0 (maxmin) took 8 iterations and 0.002 seconds.
Starting Prob1 (maxmin)...
Prob1 (maxmin) took 20 iterations and 0.001 seconds.
target=12, yes=20, no=56, maybe=26
Doing value iteration variant VALUE_ITERATION with solnMethodOptions=0, maxIters=10000, epsilon=1.0E-6 and topological=false
Starting value iteration (maxmin)...
Resulting interval: [0.3333333333333333,none]
Value iteration variant VALUE_ITERATION(maxmin) took 8 iterations and 0.005 seconds.
Probabilistic reachability took 0.023 seconds.

Value in the initial state: 0.3333333333333333

Time for model checking: 0.028 seconds.

Result: 0.3333333333333333 (value in the initial state)

