PRISM-games
===========

Version: 3.0.beta (based on PRISM 4.5.dev)
Date: Mon May 01 04:20:32 CEST 2023
Hostname: matrix
Memory limits: cudd=1g, java(heap)=5g
Command line: prism-games ../case-studies/team-form-4.prism ../case-studies/team-form.props -javamaxmem 5g -javastack 1g

Parsing model file "../case-studies/team-form-4.prism"...

Type:        SMG
Modules:     controller sensor1 sensor2 sensor3 sensor4 
Variables:   status t1_r1 t1_r2 t1_r3 t2_r1 t2_r2 t2_r3 turn1 turn2 turn3 turn4 turn5 state1 m1_t1 m1_t2 turn1_1 turn2_1 state2 m2_t1 m2_t2 turn1_2 turn2_2 state3 m3_t1 m3_t2 turn1_3 turn2_3 state4 m4_t1 m4_t2 turn1_4 turn2_4 

Switching to explicit engine, which supports SMGs...

Parsing properties file "../case-studies/team-form.props"...

1 property:
(1) <<p1,p2,p3>>Pmax=? [ F task1_completed ]

---------------------------------------------------------------------

Model checking: <<p1,p2,p3>>Pmax=? [ F task1_completed ]

Building model...

Computing reachable states... 96666 states
Reachable states exploration and model construction done in 1.338 secs.
Sorting reachable states list...

Time for model construction: 1.515 seconds.

Type:        SMG
States:      96666 (1 initial)
Transitions: 116465
Choices:     115290
Max/avg:     3/1.19

Starting probabilistic reachability...
Starting Prob0 (maxmin)...
Prob0 (maxmin) took 13 iterations and 0.27 seconds.
Starting Prob1 (maxmin)...
Prob1 (maxmin) took 26 iterations and 0.465 seconds.
target=4872, yes=30260, no=66406, maybe=0
Doing value iteration variant VALUE_ITERATION with solnMethodOptions=0, maxIters=10000, epsilon=1.0E-6 and topological=false
Starting value iteration (maxmin)...
Resulting interval: [1.0,none]
Value iteration variant VALUE_ITERATION(maxmin) took 1 iterations and 0.069 seconds.
Probabilistic reachability took 1.014 seconds.

Value in the initial state: 1.0

Time for model checking: 1.19 seconds.

Result: 1.0 (value in the initial state)

