PRISM-games
===========

Version: 3.0.beta (based on PRISM 4.5.dev)
Date: Mon May 01 00:17:21 CEST 2023
Hostname: matrix
Memory limits: cudd=1g, java(heap)=5g
Command line: prism-games ../random-generated-models/moreTrees/RANDOM_Size_12_Type-tree_MinTransProb_0.0001_Model_19.prism ../case-studies/randomModels.props -prop 1 -javamaxmem 5g -javastack 1g

Parsing model file "../random-generated-models/moreTrees/RANDOM_Size_12_Type-tree_MinTransProb_0.0001_Model_19.prism"...

Type:        SMG
Modules:     player1 player2 
Variables:   state 

Switching to explicit engine, which supports SMGs...

Parsing properties file "../case-studies/randomModels.props"...

1 property:
(1) <<P1>>Pmax=? [ F "p1win" ]

---------------------------------------------------------------------

Model checking: <<P1>>Pmax=? [ F "p1win" ]

Building model...

Computing reachable states... 12 states
Reachable states exploration and model construction done in 0.009 secs.
Sorting reachable states list...

Time for model construction: 0.017 seconds.

Type:        SMG
States:      12 (1 initial)
Transitions: 37
Choices:     24
Max/avg:     3/2.00

Starting probabilistic reachability...
Starting Prob0 (maxmin)...
Prob0 (maxmin) took 4 iterations and 0.001 seconds.
Starting Prob1 (maxmin)...
Prob1 (maxmin) took 6 iterations and 0.0 seconds.
target=1, yes=1, no=4, maybe=7
Doing value iteration variant VALUE_ITERATION with solnMethodOptions=0, maxIters=10000, epsilon=1.0E-6 and topological=false
Starting value iteration (maxmin)...
Resulting interval: [0.5715355046441537,none]
Value iteration variant VALUE_ITERATION(maxmin) took 8 iterations and 0.005 seconds.
Probabilistic reachability took 0.021 seconds.

Value in the initial state: 0.5715355046441537

Time for model checking: 0.024 seconds.

Result: 0.5715355046441537 (value in the initial state)

