PRISM-games
===========

Version: 3.0.beta (based on PRISM 4.5.dev)
Date: Mon May 01 00:18:53 CEST 2023
Hostname: matrix
Memory limits: cudd=1g, java(heap)=5g
Command line: prism-games ../random-generated-models/moreTrees/RANDOM_Size_22_MinAct_3_Type-tree_MinTransProb_0.01_Model_12.prism ../case-studies/randomModels.props -prop 1 -javamaxmem 5g -javastack 1g

Parsing model file "../random-generated-models/moreTrees/RANDOM_Size_22_MinAct_3_Type-tree_MinTransProb_0.01_Model_12.prism"...

Type:        SMG
Modules:     player1 player2 
Variables:   state 

Switching to explicit engine, which supports SMGs...

Parsing properties file "../case-studies/randomModels.props"...

1 property:
(1) <<P1>>Pmax=? [ F "p1win" ]

---------------------------------------------------------------------

Model checking: <<P1>>Pmax=? [ F "p1win" ]

Building model...

Computing reachable states... 22 states
Reachable states exploration and model construction done in 0.012 secs.
Sorting reachable states list...

Time for model construction: 0.019 seconds.

Type:        SMG
States:      22 (1 initial)
Transitions: 73
Choices:     51
Max/avg:     4/2.32

Starting probabilistic reachability...
Starting Prob0 (maxmin)...
Prob0 (maxmin) took 6 iterations and 0.001 seconds.
Starting Prob1 (maxmin)...
Prob1 (maxmin) took 8 iterations and 0.001 seconds.
target=1, yes=1, no=7, maybe=14
Doing value iteration variant VALUE_ITERATION with solnMethodOptions=0, maxIters=10000, epsilon=1.0E-6 and topological=false
Starting value iteration (maxmin)...
Resulting interval: [0.001333333158493042,none]
Value iteration variant VALUE_ITERATION(maxmin) took 14 iterations and 0.004 seconds.
Probabilistic reachability took 0.018 seconds.

Value in the initial state: 0.001333333158493042

Time for model checking: 0.021 seconds.

Result: 0.001333333158493042 (value in the initial state)

