PRISM-games
===========

Version: 3.0.beta (based on PRISM 4.5.dev)
Date: Mon May 01 03:56:42 CEST 2023
Hostname: matrix
Memory limits: cudd=1g, java(heap)=5g
Command line: prism-games ../case-studies/AV15_15.prism ../case-studies/AV.props -prop 2 -svi -maxiters 1 -javamaxmem 5g -javastack 1g

Parsing model file "../case-studies/AV15_15.prism"...

Type:        SMG
Modules:     intruder observer 
Variables:   turn caught found_item x y s1 a b s2 detected 

Switching to explicit engine, which supports SMGs...

Parsing properties file "../case-studies/AV.props"...

3 properties:
(1) <<1>>Pmax=? [ F "caught" ]
(2) <<1>>Pmax=? [ F "exit" ]
(3) <<1>>Pmax=? [ F "found_item" ]

---------------------------------------------------------------------

Model checking: <<1>>Pmax=? [ F "exit" ]

Building model...

Computing reachable states... 258616 480464 states
Reachable states exploration and model construction done in 5.579 secs.
Sorting reachable states list...

Time for model construction: 6.723 seconds.

Type:        SMG
States:      480464 (1 initial)
Transitions: 1380660
Choices:     1028092
Max/avg:     6/2.14

Starting probabilistic reachability...
Starting Prob0 (maxmin)...
Prob0 (maxmin) took 121 iterations and 16.916 seconds.
Starting Prob1 (maxmin)...
Prob1 (maxmin) took 3146 iterations and 592.55 seconds.
target=1884, yes=346012, no=17136, maybe=117316
Doing sound value iteration variant SOUND_VALUE_ITERATION with solnMethodOptions=0, maxIters=1, epsilon=1.0E-6 and topological=false
Starting Sound value iteration (maxmin)...
Getting MECs...
Number of MECs SVI: 6
