PRISM-games
===========

Version: 3.0.beta (based on PRISM 4.5.dev)
Date: Mon May 01 04:07:02 CEST 2023
Hostname: matrix
Memory limits: cudd=1g, java(heap)=5g
Command line: prism-games ../case-studies/hallway15_15.prism ../case-studies/hallway.props -prop 1 -svi -maxiters 1 -javamaxmem 5g -javastack 1g

Parsing model file "../case-studies/hallway15_15.prism"...

Type:        SMG
Modules:     agent human 
Variables:   turn x y look dmg s1 a b s2 

Switching to explicit engine, which supports SMGs...

Parsing properties file "../case-studies/hallway.props"...

2 properties:
(1) <<1>>Pmax=? [ F "saved" ]
(2) <<1>>Pmax=? [ G !"damaged" ]

---------------------------------------------------------------------

Model checking: <<1>>Pmax=? [ F "saved" ]

Building model...

Computing reachable states... 142412 323114 502099 674434 844702 1030061 1223929 1383922 1515611 1663249 1807781 1926372 2022080 2025000 states
Reachable states exploration and model construction done in 39.193 secs.
Sorting reachable states list...

Time for model construction: 45.355 seconds.

Type:        SMG
States:      2025000 (1 initial)
Transitions: 9145800
Choices:     5157000
Max/avg:     5/2.55

Starting probabilistic reachability...
Starting Prob0 (maxmin)...
Prob0 (maxmin) took 34 iterations and 41.731 seconds.
Starting Prob1 (maxmin)...
Prob1 (maxmin) took 34 iterations and 46.335 seconds.
target=9000, yes=2025000, no=0, maybe=0
Doing sound value iteration variant SOUND_VALUE_ITERATION with solnMethodOptions=0, maxIters=1, epsilon=1.0E-6 and topological=false
Starting Sound value iteration (maxmin)...
Getting MECs...
Number of MECs SVI: 0
Resulting interval: [1.0,1.0]
Sound Value iteration variant SOUND_VALUE_ITERATION(maxmin) took 1 iterations and 0.065 seconds.
Probabilistic reachability took 88.197 seconds.

Value in the initial state: 1.0

Time for model checking: 88.263 seconds.

Result: 1.0 (value in the initial state)

