PRISM-games
===========

Version: 3.0.beta (based on PRISM 4.5.dev)
Date: Mon May 01 04:03:47 CEST 2023
Hostname: matrix
Memory limits: cudd=1g, java(heap)=5g
Command line: prism-games ../case-studies/two_investors.prism ../case-studies/two_investors.props -prop 4 -svi -maxiters 1 -javamaxmem 5g -javastack 1g

Parsing model file "../case-studies/two_investors.prism"...

Type:        SMG
Modules:     sched investor1 investor2 market probability cap 
Variables:   term t m1 m2 i1 i2 b1 b2 v p c 

Switching to explicit engine, which supports SMGs...

Parsing properties file "../case-studies/two_investors.props"...

4 properties:
(1) <<investor1,investor2>>R{"profit12"}max=? [ Fc "done" ]
(2) <<investor1>>R{"profit1"}max=? [ Fc ("done1"&"done2") ]
(3) <<investor1,market>>R{"profit1"}max=? [ Fc "done1" ]
(4) <<investor1>>Pmax=? [ F ("done1"&v>5) ]

---------------------------------------------------------------------

Model checking: <<investor1>>Pmax=? [ F ("done1"&v>5) ]

Building model...

Computing reachable states... 172240 states
Reachable states exploration and model construction done in 2.576 secs.
Sorting reachable states list...

Time for model construction: 3.019 seconds.

Type:        SMG
States:      172240 (1 initial)
Transitions: 373669
Choices:     230767
Max/avg:     3/1.34

Starting probabilistic reachability...
Starting Prob0 (maxmin)...
Prob0 (maxmin) took 61 iterations and 2.204 seconds.
Starting Prob1 (maxmin)...
Prob1 (maxmin) took 71 iterations and 2.772 seconds.
target=5720, yes=7795, no=104669, maybe=59776
Doing sound value iteration variant SOUND_VALUE_ITERATION with solnMethodOptions=0, maxIters=1, epsilon=1.0E-6 and topological=false
Starting Sound value iteration (maxmin)...
Getting MECs...
Number of MECs SVI: 0
Resulting interval: [0.480298005,0.480298005]
Sound Value iteration variant SOUND_VALUE_ITERATION(maxmin) took 78 iterations and 4.829 seconds.
Probabilistic reachability took 9.834 seconds.

Value in the initial state: 0.480298005

Time for model checking: 9.882 seconds.

Result: 0.480298005 (value in the initial state)

