PRISM-games
===========

Version: 3.0.beta (based on PRISM 4.5.dev)
Date: Mon May 01 03:56:46 CEST 2023
Hostname: matrix
Memory limits: cudd=1g, java(heap)=5g
Command line: prism-games ../case-studies/hallway10_10.prism ../case-studies/hallway.props -prop 2 -ii -maxiters 1 -javamaxmem 5g -javastack 1g

Parsing model file "../case-studies/hallway10_10.prism"...

Type:        SMG
Modules:     agent human 
Variables:   turn x y look dmg s1 a b s2 

Switching to explicit engine, which supports SMGs...

Parsing properties file "../case-studies/hallway.props"...

2 properties:
(1) <<1>>Pmax=? [ F "saved" ]
(2) <<1>>Pmax=? [ G !"damaged" ]

---------------------------------------------------------------------

Model checking: <<1>>Pmax=? [ G !"damaged" ]

Building model...

Computing reachable states... 166463 364235 400000 states
Reachable states exploration and model construction done in 6.641 secs.
Sorting reachable states list...

Time for model construction: 7.5 seconds.

Type:        SMG
States:      400000 (1 initial)
Transitions: 1788800
Choices:     1008000
Max/avg:     5/2.52

Starting probabilistic reachability...
Starting Prob0 (minmax)...
Prob0 (minmax) took 2 iterations and 0.317 seconds.
Starting Prob1 (minmax)...
Prob1 (minmax) took 4 iterations and 0.379 seconds.
target=200000, yes=200000, no=160000, maybe=40000
Doing value iteration variant INTERVAL_ITERATION with solnMethodOptions=0, maxIters=1, epsilon=1.0E-6 and topological=false
Starting value iteration (minmax)...
Getting MECs...
Number of MECs: 0
Resulting interval: [0.0,0.0]
Value iteration variant INTERVAL_ITERATION(minmax) took 1 iterations and 0.16 seconds.
Probabilistic reachability took 0.898 seconds.

Value in the initial state: 1.0

Time for model checking: 0.929 seconds.

Result: 1.0 (value in the initial state)

