PRISM-games
===========

Version: 3.0.beta (based on PRISM 4.5.dev)
Date: Mon May 01 17:42:43 CEST 2023
Hostname: matrix
Memory limits: cudd=1g, java(heap)=5g
Command line: prism-games ../case-studies/mdp/firewire_abst.v1-SG.prism ../case-studies/mdp/firewire_abst.v1.props -const delay=3 -javamaxmem 5g -javastack 1g

Parsing model file "../case-studies/mdp/firewire_abst.v1-SG.prism"...

Type:        SMG
Modules:     abstract_firewire 
Variables:   x s 

Switching to explicit engine, which supports SMGs...

Parsing properties file "../case-studies/mdp/firewire_abst.v1.props"...

1 property:
(1) "elected": Pmin=? [ F "done" ]

---------------------------------------------------------------------

Model checking: "elected": Pmin=? [ F "done" ]
Model constants: delay=3

Building model...
Model constants: delay=3

Computing reachable states... 611 states
Reachable states exploration and model construction done in 0.087 secs.
Sorting reachable states list...

Time for model construction: 0.126 seconds.

Type:        SMG
States:      611 (1 initial)
Transitions: 718
Choices:     694
Max/avg:     3/1.14

Starting probabilistic reachability...
Starting Prob0 (minmin)...
Prob0 (minmin) took 342 iterations and 0.081 seconds.
Starting Prob1 (minmin)...
Prob1 (minmin) took 342 iterations and 0.067 seconds.
target=1, yes=611, no=0, maybe=0
Doing value iteration variant VALUE_ITERATION with solnMethodOptions=0, maxIters=10000, epsilon=1.0E-6 and topological=false
Starting value iteration (minmin)...
Resulting interval: [1.0,none]
Value iteration variant VALUE_ITERATION(minmin) took 1 iterations and 0.014 seconds.
Probabilistic reachability took 0.198 seconds.

Value in the initial state: 1.0

Time for model checking: 0.204 seconds.

Result: 1.0 (value in the initial state)

