PRISM-games
===========

Version: 3.0.beta (based on PRISM 4.5.dev)
Date: Mon May 01 17:42:46 CEST 2023
Hostname: matrix
Memory limits: cudd=1g, java(heap)=5g
Command line: prism-games ../case-studies/mdp/philosophers-game-SG.prism ../case-studies/mdp/philosophers-game.props -javamaxmem 5g -javastack 1g

Parsing model file "../case-studies/mdp/philosophers-game-SG.prism"...

Type:        SMG
Modules:     phil1 phil2 phil3 
Variables:   p1 p2 p3 

Switching to explicit engine, which supports SMGs...

Parsing properties file "../case-studies/mdp/philosophers-game.props"...

1 property:
(1) "eat": Pmax=? [ F (((p1>=8)&(p1<=9))|((p2>=8)&(p2<=9))|((p3>=8)&(p3<=9))) ]

---------------------------------------------------------------------

Model checking: "eat": Pmax=? [ F (((p1>=8)&(p1<=9))|((p2>=8)&(p2<=9))|((p3>=8)&(p3<=9))) ]

Building model...

Computing reachable states... 956 states
Reachable states exploration and model construction done in 0.064 secs.
Sorting reachable states list...

Time for model construction: 0.076 seconds.

Type:        SMG
States:      956 (1 initial)
Transitions: 3625
Choices:     3271
Max/avg:     5/3.42

Starting probabilistic reachability...
Starting Prob0 (maxmax)...
Prob0 (maxmax) took 6 iterations and 0.005 seconds.
Starting Prob1 (maxmax)...
Prob1 (maxmax) took 6 iterations and 0.01 seconds.
target=240, yes=956, no=0, maybe=0
Doing value iteration variant VALUE_ITERATION with solnMethodOptions=0, maxIters=10000, epsilon=1.0E-6 and topological=false
Starting value iteration (maxmax)...
Resulting interval: [1.0,none]
Value iteration variant VALUE_ITERATION(maxmax) took 1 iterations and 0.002 seconds.
Probabilistic reachability took 0.041 seconds.

Value in the initial state: 1.0

Time for model checking: 0.046 seconds.

Result: 1.0 (value in the initial state)

