PRISM-games
===========

Version: 3.0.beta (based on PRISM 4.5.dev)
Date: Mon May 01 17:42:47 CEST 2023
Hostname: matrix
Memory limits: cudd=1g, java(heap)=5g
Command line: prism-games ../case-studies/mdp/zeroconf_dl.v1-SG.prism ../case-studies/mdp/zeroconf_dl.v1.props -const 'N=1000,K=1,reset=true,deadline=10' -javamaxmem 5g -javastack 1g

Parsing model file "../case-studies/mdp/zeroconf_dl.v1-SG.prism"...

Type:        SMG
Modules:     environment host0 timer 
Variables:   b_ip7 b_ip6 b_ip5 b_ip4 b_ip3 b_ip2 b_ip1 b_ip0 n n0 n1 b z ip_mess x y coll probes mess defend ip l t 

Switching to explicit engine, which supports SMGs...

Parsing properties file "../case-studies/mdp/zeroconf_dl.v1.props"...

2 properties:
(1) "deadline_max": Pmax=? [ !(l=4&ip=2) U t>=deadline ]
(2) "deadline_min": Pmin=? [ !(l=4&ip=2) U t>=deadline ]

---------------------------------------------------------------------

Model checking: "deadline_max": Pmax=? [ !(l=4&ip=2) U t>=deadline ]
Model constants: reset=true,deadline=10,N=1000,K=1

Building model...
Model constants: reset=true,deadline=10,N=1000,K=1

Computing reachable states... 3835 states
Reachable states exploration and model construction done in 0.144 secs.
Sorting reachable states list...

Time for model construction: 0.161 seconds.

Warning: Deadlocks detected and fixed in 107 states

Type:        SMG
States:      3835 (1 initial)
Transitions: 6067
Choices:     4810
Max/avg:     4/1.25

Starting probabilistic reachability...
Starting Prob0 (maxmax)...
Prob0 (maxmax) took 17 iterations and 0.033 seconds.
Starting Prob1 (maxmax)...
Prob1 (maxmax) took 65 iterations and 0.065 seconds.
target=755, yes=3297, no=377, maybe=161
Doing value iteration variant VALUE_ITERATION with solnMethodOptions=0, maxIters=10000, epsilon=1.0E-6 and topological=false
Starting value iteration (maxmax)...
Resulting interval: [0.015378937007874016,none]
Value iteration variant VALUE_ITERATION(maxmax) took 6 iterations and 0.006 seconds.
Probabilistic reachability took 0.157 seconds.

Value in the initial state: 0.015378937007874016

Time for model checking: 0.165 seconds.

Result: 0.015378937007874016 (value in the initial state)

---------------------------------------------------------------------

Model checking: "deadline_min": Pmin=? [ !(l=4&ip=2) U t>=deadline ]
Model constants: reset=true,deadline=10,N=1000,K=1

Starting probabilistic reachability...
Starting Prob0 (minmin)...
Prob0 (minmin) took 34 iterations and 0.015 seconds.
Starting Prob1 (minmin)...
Prob1 (minmin) took 62 iterations and 0.039 seconds.
target=755, yes=2493, no=793, maybe=549
Doing value iteration variant VALUE_ITERATION with solnMethodOptions=0, maxIters=10000, epsilon=1.0E-6 and topological=false
Starting value iteration (minmin)...
Resulting interval: [0.0014248164505218193,none]
Value iteration variant VALUE_ITERATION(minmin) took 45 iterations and 0.016 seconds.
Probabilistic reachability took 0.087 seconds.

Value in the initial state: 0.0014248164505218193

Time for model checking: 0.089 seconds.

Result: 0.0014248164505218193 (value in the initial state)

---------------------------------------------------------------------

Note: There was 1 warning during computation.

