PRISM-games
===========

Version: 3.0.beta (based on PRISM 4.5.dev)
Date: Sun Apr 30 23:31:26 CEST 2023
Hostname: matrix
Memory limits: cudd=1g, java(heap)=5g
Command line: prism-games ../case-studies/BigMec.prism ../case-studies/BigMec.props -const N=100 -ii -maxiters 1 -javamaxmem 5g -javastack 1g

Parsing model file "../case-studies/BigMec.prism"...

Type:        SMG
Modules:     player1 player2 
Variables:   state i 

Switching to explicit engine, which supports SMGs...

Parsing properties file "../case-studies/BigMec.props"...

1 property:
(1) <<P1>>Pmax=? [ F "p1win" ]

---------------------------------------------------------------------

Model checking: <<P1>>Pmax=? [ F "p1win" ]
Model constants: N=100

Building model...
Model constants: N=100

Computing reachable states... 203 states
Reachable states exploration and model construction done in 0.071 secs.
Sorting reachable states list...

Time for model construction: 0.105 seconds.

Type:        SMG
States:      203 (1 initial)
Transitions: 406
Choices:     404
Max/avg:     2/1.99

Starting probabilistic reachability...
Starting Prob0 (maxmin)...
Prob0 (maxmin) took 102 iterations and 0.025 seconds.
Starting Prob1 (maxmin)...
Prob1 (maxmin) took 104 iterations and 0.015 seconds.
target=1, yes=1, no=1, maybe=201
Doing value iteration variant INTERVAL_ITERATION with solnMethodOptions=0, maxIters=1, epsilon=1.0E-6 and topological=false
Starting value iteration (maxmin)...
Getting MECs...
Number of MECs: 1
Resulting interval: [0.4,0.4]
Value iteration variant INTERVAL_ITERATION(maxmin) took 101 iterations and 0.343 seconds.
Probabilistic reachability took 0.4 seconds.

Value in the initial state: 0.4

Time for model checking: 0.41 seconds.

Result: 0.4 (value in the initial state)

