PRISM-games
===========

Version: 3.0.beta (based on PRISM 4.5.dev)
Date: Sun Apr 30 23:31:25 CEST 2023
Hostname: matrix
Memory limits: cudd=1g, java(heap)=5g
Command line: prism-games ../case-studies/BigMec.prism ../case-studies/BigMec.props -const N=1000 -ii -maxiters 1 -javamaxmem 5g -javastack 1g

Parsing model file "../case-studies/BigMec.prism"...

Type:        SMG
Modules:     player1 player2 
Variables:   state i 

Switching to explicit engine, which supports SMGs...

Parsing properties file "../case-studies/BigMec.props"...

1 property:
(1) <<P1>>Pmax=? [ F "p1win" ]

---------------------------------------------------------------------

Model checking: <<P1>>Pmax=? [ F "p1win" ]
Model constants: N=1000

Building model...
Model constants: N=1000

Computing reachable states... 2003 states
Reachable states exploration and model construction done in 0.136 secs.
Sorting reachable states list...

Time for model construction: 0.166 seconds.

Type:        SMG
States:      2003 (1 initial)
Transitions: 4006
Choices:     4004
Max/avg:     2/2.00

Starting probabilistic reachability...
Starting Prob0 (maxmin)...
Prob0 (maxmin) took 1002 iterations and 0.44 seconds.
Starting Prob1 (maxmin)...
Prob1 (maxmin) took 1004 iterations and 0.356 seconds.
target=1, yes=1, no=1, maybe=2001
Doing value iteration variant INTERVAL_ITERATION with solnMethodOptions=0, maxIters=1, epsilon=1.0E-6 and topological=false
Starting value iteration (maxmin)...
Getting MECs...
Number of MECs: 1
Resulting interval: [0.4,0.4]
Value iteration variant INTERVAL_ITERATION(maxmin) took 1001 iterations and 10.131 seconds.
Probabilistic reachability took 10.939 seconds.

Value in the initial state: 0.4

Time for model checking: 10.952 seconds.

Result: 0.4 (value in the initial state)

