PRISM-games
===========

Version: 3.0.beta (based on PRISM 4.5.dev)
Date: Sun Apr 30 23:31:25 CEST 2023
Hostname: matrix
Memory limits: cudd=1g, java(heap)=5g
Command line: prism-games ../case-studies/haddad-monmege-SG.pm ../case-studies/haddad-monmege.prctl -const 'N=5,p=0.5' -ii -maxiters 1 -javamaxmem 5g -javastack 1g

Parsing model file "../case-studies/haddad-monmege-SG.pm"...

Type:        SMG
Modules:     main 
Variables:   x 

Switching to explicit engine, which supports SMGs...

Parsing properties file "../case-studies/haddad-monmege.prctl"...

1 property:
(1) "target": Pmax=? [ F "Target" ]

---------------------------------------------------------------------

Model checking: "target": Pmax=? [ F "Target" ]
Model constants: N=5,p=0.5

Building model...
Model constants: N=5,p=0.5

Computing reachable states... 11 states
Reachable states exploration and model construction done in 0.028 secs.
Sorting reachable states list...

Time for model construction: 0.045 seconds.

Type:        SMG
States:      11 (1 initial)
Transitions: 20
Choices:     11
Max/avg:     1/1.00

Starting probabilistic reachability...
Starting Prob0 (maxmax)...
Prob0 (maxmax) took 7 iterations and 0.001 seconds.
Starting Prob1 (maxmax)...
Prob1 (maxmax) took 41 iterations and 0.002 seconds.
target=1, yes=1, no=1, maybe=9
Doing value iteration variant INTERVAL_ITERATION with solnMethodOptions=0, maxIters=1, epsilon=1.0E-6 and topological=false
Starting value iteration (maxmax)...
Getting MECs...
Number of MECs: 0
Resulting interval: [0.4999995084322679,0.5000004915677321]
Value iteration variant INTERVAL_ITERATION(maxmax) took 591 iterations and 0.033 seconds.
Probabilistic reachability took 0.059 seconds.

Value in the initial state: 0.4999995084322679

Time for model checking: 0.064 seconds.

Result: 0.4999995084322679 (value in the initial state)

