PRISM-games
===========

Version: 3.0.beta (based on PRISM 4.5.dev)
Date: Sun Apr 30 23:31:25 CEST 2023
Hostname: matrix
Memory limits: cudd=1g, java(heap)=5g
Command line: prism-games ../case-studies/ManyMecs.prism ../case-studies/ManyMecs.props -const N=10 -ii -maxiters 1 -javamaxmem 5g -javastack 1g

Parsing model file "../case-studies/ManyMecs.prism"...

Type:        SMG
Modules:     player1 player2 
Variables:   state i 

Switching to explicit engine, which supports SMGs...

Parsing properties file "../case-studies/ManyMecs.props"...

1 property:
(1) <<P1>>Pmax=? [ F "p1win" ]

---------------------------------------------------------------------

Model checking: <<P1>>Pmax=? [ F "p1win" ]
Model constants: N=10

Building model...
Model constants: N=10

Computing reachable states... 32 states
Reachable states exploration and model construction done in 0.019 secs.
Sorting reachable states list...

Time for model construction: 0.028 seconds.

Type:        SMG
States:      32 (1 initial)
Transitions: 92
Choices:     62
Max/avg:     2/1.94

Starting probabilistic reachability...
Starting Prob0 (maxmin)...
Prob0 (maxmin) took 21 iterations and 0.005 seconds.
Starting Prob1 (maxmin)...
Prob1 (maxmin) took 23 iterations and 0.008 seconds.
target=1, yes=1, no=1, maybe=30
Doing value iteration variant INTERVAL_ITERATION with solnMethodOptions=0, maxIters=1, epsilon=1.0E-6 and topological=false
Starting value iteration (maxmin)...
Getting MECs...
Number of MECs: 10
Resulting interval: [0.49999919835057005,0.5]
Value iteration variant INTERVAL_ITERATION(maxmin) took 130 iterations and 0.221 seconds.
Probabilistic reachability took 0.253 seconds.

Value in the initial state: 0.49999919835057005

Time for model checking: 0.264 seconds.

Result: 0.49999919835057005 (value in the initial state)

