PRISM-games
===========

Version: 3.0.beta (based on PRISM 4.5.dev)
Date: Mon May 01 17:42:41 CEST 2023
Hostname: matrix
Memory limits: cudd=1g, java(heap)=5g
Command line: prism-games ../case-studies/mdp/pacman.v2-SG.prism ../case-studies/mdp/pacman.v2.props -const MAXSTEPS=5 -svi -maxiters 1 -javamaxmem 5g -javastack 1g

Parsing model file "../case-studies/mdp/pacman.v2-SG.prism"...

Type:        SMG
Modules:     arbiter ghost0 ghost1 pacman 
Variables:   pMove steps xG0 yG0 dG0 xG1 yG1 dG1 xP yP dP 

Switching to explicit engine, which supports SMGs...

Parsing properties file "../case-studies/mdp/pacman.v2.props"...

1 property:
(1) "crash": Pmin=? [ F "Crash" ]

---------------------------------------------------------------------

Model checking: "crash": Pmin=? [ F "Crash" ]
Model constants: MAXSTEPS=5

Building model...
Model constants: MAXSTEPS=5

Computing reachable states... 498 states
Reachable states exploration and model construction done in 0.109 secs.
Sorting reachable states list...

Time for model construction: 0.128 seconds.

Type:        SMG
States:      498 (1 initial)
Transitions: 620
Choices:     592
Max/avg:     5/1.19

Starting probabilistic reachability...
Starting Prob0 (minmin)...
Prob0 (minmin) took 8 iterations and 0.006 seconds.
Starting Prob1 (minmin)...
Prob1 (minmin) took 30 iterations and 0.009 seconds.
target=69, yes=99, no=374, maybe=25
Doing sound value iteration variant SOUND_VALUE_ITERATION with solnMethodOptions=0, maxIters=1, epsilon=1.0E-6 and topological=false
Starting Sound value iteration (minmin)...
Getting MECs...
Number of MECs SVI: 0
Resulting interval: [0.5511,0.5511]
Sound Value iteration variant SOUND_VALUE_ITERATION(minmin) took 2 iterations and 0.009 seconds.
Probabilistic reachability took 0.04 seconds.

Value in the initial state: 0.5511

Time for model checking: 0.046 seconds.

Result: 0.5511 (value in the initial state)

