PRISM-games
===========

Version: 3.0.beta (based on PRISM 4.5.dev)
Date: Mon May 01 17:42:43 CEST 2023
Hostname: matrix
Memory limits: cudd=1g, java(heap)=5g
Command line: prism-games ../case-studies/mdp/rabin.3.v1-SG.prism ../case-studies/mdp/rabin.3.v1.props -svi -maxiters 1 -javamaxmem 5g -javastack 1g

Parsing model file "../case-studies/mdp/rabin.3.v1-SG.prism"...

Type:        SMG
Modules:     process1 process2 process3 
Variables:   c b r p1 b1 r1 draw1 p2 b2 r2 draw2 p3 b3 r3 draw3 

Switching to explicit engine, which supports SMGs...

Parsing properties file "../case-studies/mdp/rabin.3.v1.props"...

1 property:
(1) "live": Pmax=? [ F (p1=2|p2=2|p3=2) ]

---------------------------------------------------------------------

Model checking: "live": Pmax=? [ F (p1=2|p2=2|p3=2) ]

Building model...

Computing reachable states... 27766 states
Reachable states exploration and model construction done in 0.795 secs.
Sorting reachable states list...

Time for model construction: 0.866 seconds.

Type:        SMG
States:      27766 (1 initial)
Transitions: 137802
Choices:     45636
Max/avg:     3/1.64

Starting probabilistic reachability...
Starting Prob0 (maxmax)...
Prob0 (maxmax) took 5 iterations and 0.06 seconds.
Starting Prob1 (maxmax)...
Prob1 (maxmax) took 5 iterations and 0.069 seconds.
target=5016, yes=27766, no=0, maybe=0
Doing sound value iteration variant SOUND_VALUE_ITERATION with solnMethodOptions=0, maxIters=1, epsilon=1.0E-6 and topological=false
Starting Sound value iteration (maxmax)...
Getting MECs...
Number of MECs SVI: 0
Resulting interval: [1.0,1.0]
Sound Value iteration variant SOUND_VALUE_ITERATION(maxmax) took 1 iterations and 0.006 seconds.
Probabilistic reachability took 0.155 seconds.

Value in the initial state: 1.0

Time for model checking: 0.207 seconds.

Result: 1.0 (value in the initial state)

