PRISM-games
===========

Version: 3.0.beta (based on PRISM 4.5.dev)
Date: Sun Apr 30 23:31:31 CEST 2023
Hostname: matrix
Memory limits: cudd=1g, java(heap)=5g
Command line: prism-games ../case-studies/ManyMecs.prism ../case-studies/ManyMecs.props -const N=1000 -svi -maxiters 1 -javamaxmem 5g -javastack 1g

Parsing model file "../case-studies/ManyMecs.prism"...

Type:        SMG
Modules:     player1 player2 
Variables:   state i 

Switching to explicit engine, which supports SMGs...

Parsing properties file "../case-studies/ManyMecs.props"...

1 property:
(1) <<P1>>Pmax=? [ F "p1win" ]

---------------------------------------------------------------------

Model checking: <<P1>>Pmax=? [ F "p1win" ]
Model constants: N=1000

Building model...
Model constants: N=1000

Computing reachable states... 3002 states
Reachable states exploration and model construction done in 0.135 secs.
Sorting reachable states list...

Time for model construction: 0.168 seconds.

Type:        SMG
States:      3002 (1 initial)
Transitions: 9002
Choices:     6002
Max/avg:     2/2.00

Starting probabilistic reachability...
Starting Prob0 (maxmin)...
Prob0 (maxmin) took 2001 iterations and 1.424 seconds.
Starting Prob1 (maxmin)...
Prob1 (maxmin) took 2003 iterations and 2.106 seconds.
target=1, yes=1, no=1, maybe=3000
Doing sound value iteration variant SOUND_VALUE_ITERATION with solnMethodOptions=0, maxIters=1, epsilon=1.0E-6 and topological=false
Starting Sound value iteration (maxmin)...
Getting MECs...
Number of MECs SVI: 1000
Resulting interval: [0.4999990059485473,0.4999999999999995]
Sound Value iteration variant SOUND_VALUE_ITERATION(maxmin) took 5590 iterations and 421.197 seconds.
Probabilistic reachability took 424.742 seconds.

Value in the initial state: 0.49999950297427337

Time for model checking: 424.752 seconds.

Result: 0.49999950297427337 (value in the initial state)

