PRISM-games
===========

Version: 3.0.beta (based on PRISM 4.5.dev)
Date: Sun Apr 30 23:51:28 CEST 2023
Hostname: matrix
Memory limits: cudd=1g, java(heap)=5g
Command line: prism-games ../case-studies/ManyMecs.prism ../case-studies/ManyMecs.props -const N=10 -svi -maxiters 1 -javamaxmem 5g -javastack 1g

Parsing model file "../case-studies/ManyMecs.prism"...

Type:        SMG
Modules:     player1 player2 
Variables:   state i 

Switching to explicit engine, which supports SMGs...

Parsing properties file "../case-studies/ManyMecs.props"...

1 property:
(1) <<P1>>Pmax=? [ F "p1win" ]

---------------------------------------------------------------------

Model checking: <<P1>>Pmax=? [ F "p1win" ]
Model constants: N=10

Building model...
Model constants: N=10

Computing reachable states... 32 states
Reachable states exploration and model construction done in 0.012 secs.
Sorting reachable states list...

Time for model construction: 0.019 seconds.

Type:        SMG
States:      32 (1 initial)
Transitions: 92
Choices:     62
Max/avg:     2/1.94

Starting probabilistic reachability...
Starting Prob0 (maxmin)...
Prob0 (maxmin) took 21 iterations and 0.002 seconds.
Starting Prob1 (maxmin)...
Prob1 (maxmin) took 23 iterations and 0.001 seconds.
target=1, yes=1, no=1, maybe=30
Doing sound value iteration variant SOUND_VALUE_ITERATION with solnMethodOptions=0, maxIters=1, epsilon=1.0E-6 and topological=false
Starting Sound value iteration (maxmin)...
Getting MECs...
Number of MECs SVI: 10
Resulting interval: [0.4999999999997509,0.5000000000000066]
Sound Value iteration variant SOUND_VALUE_ITERATION(maxmin) took 20 iterations and 0.017 seconds.
Probabilistic reachability took 0.029 seconds.

Value in the initial state: 0.4999999999998787

Time for model checking: 0.033 seconds.

Result: 0.4999999999998787 (value in the initial state)

