PRISM-games
===========

Version: 3.0.beta (based on PRISM 4.5.dev)
Date: Sun Apr 30 22:50:11 CEST 2023
Hostname: matrix
Memory limits: cudd=1g, java(heap)=5g
Command line: prism-games ../case-studies/AV15_15.prism ../case-studies/AV.props -prop 1 -svi -maxiters 1 -javamaxmem 5g -javastack 1g

Parsing model file "../case-studies/AV15_15.prism"...

Type:        SMG
Modules:     intruder observer 
Variables:   turn caught found_item x y s1 a b s2 detected 

Switching to explicit engine, which supports SMGs...

Parsing properties file "../case-studies/AV.props"...

3 properties:
(1) <<1>>Pmax=? [ F "caught" ]
(2) <<1>>Pmax=? [ F "exit" ]
(3) <<1>>Pmax=? [ F "found_item" ]

---------------------------------------------------------------------

Model checking: <<1>>Pmax=? [ F "caught" ]

Building model...

Computing reachable states... 157586 340679 480464 states
Reachable states exploration and model construction done in 7.92 secs.
Sorting reachable states list...

Time for model construction: 9.004 seconds.

Type:        SMG
States:      480464 (1 initial)
Transitions: 1380660
Choices:     1028092
Max/avg:     6/2.14

Starting probabilistic reachability...
Starting Prob0 (maxmin)...
Prob0 (maxmin) took 2 iterations and 0.622 seconds.
Starting Prob1 (maxmin)...
Prob1 (maxmin) took 4 iterations and 0.973 seconds.
target=448, yes=896, no=479568, maybe=0
Doing sound value iteration variant SOUND_VALUE_ITERATION with solnMethodOptions=0, maxIters=1, epsilon=1.0E-6 and topological=false
Starting Sound value iteration (maxmin)...
Getting MECs...
Number of MECs SVI: 0
Resulting interval: [0.0,0.0]
Sound Value iteration variant SOUND_VALUE_ITERATION(maxmin) took 1 iterations and 0.029 seconds.
Probabilistic reachability took 1.662 seconds.

Value in the initial state: 0.0

Time for model checking: 1.69 seconds.

Result: 0.0 (value in the initial state)

