PRISM-games
===========

Version: 3.0.beta (based on PRISM 4.5.dev)
Date: Sun Apr 30 22:49:03 CEST 2023
Hostname: matrix
Memory limits: cudd=1g, java(heap)=5g
Command line: prism-games ../case-studies/coins.prism ../case-studies/coins.props -prop 1 -ii -maxiters 1 -javamaxmem 5g -javastack 1g

Parsing model file "../case-studies/coins.prism"...

Type:        SMG
Modules:     scheduler player1 player2 
Variables:   sched coin guess 

Switching to explicit engine, which supports SMGs...

Parsing properties file "../case-studies/coins.props"...

18 properties:
(1) <<1,2,3>>Pmax=? [ F "correct" ]
(2) <<2,3>>Pmax=? [ F "correct" ]
(3) <<1,2>>Pmax=? [ F "correct" ]
(4) <<1,3>>Pmax=? [ F "correct" ]
(5) <<1>>Pmax=? [ F "correct" ]
(6) <<1,2,3>>R{"correct_guess"}max=? [ F "correct" ]
(7) <<2,3>>R{"correct_guess"}max=? [ F "correct" ]
(8) <<1,2>>R{"correct_guess"}max=? [ F "correct" ]
(9) <<1,3>>R{"correct_guess"}max=? [ F "correct" ]
(10) <<1>>R{"correct_guess"}max=? [ F "correct" ]
(11) <<2,3>>R{"correct_guess"}max=? [ F0 "correct" ]
(12) <<2>>R{"correct_guess"}max=? [ F0 "correct" ]
(13) <<3>>R{"correct_guess"}max=? [ F0 "correct" ]
(14) <<1>>R{"correct_guess"}max=? [ F0 "correct" ]
(15) <<2,3>>R{"correct_guess"}max=? [ Fc "correct" ]
(16) <<2>>R{"correct_guess"}max=? [ Fc "correct" ]
(17) <<3>>R{"correct_guess"}max=? [ Fc "correct" ]
(18) <<1>>R{"correct_guess"}max=? [ Fc "correct" ]

---------------------------------------------------------------------

Model checking: <<1,2,3>>Pmax=? [ F "correct" ]

Building model...

Computing reachable states... 19 states
Reachable states exploration and model construction done in 0.015 secs.
Sorting reachable states list...

Time for model construction: 0.042 seconds.

Type:        SMG
States:      19 (1 initial)
Transitions: 26
Choices:     22
Max/avg:     2/1.16

Starting probabilistic reachability...
Starting Prob0 (maxmin)...
Prob0 (maxmin) took 5 iterations and 0.0 seconds.
Starting Prob1 (maxmin)...
Prob1 (maxmin) took 18 iterations and 0.002 seconds.
target=2, yes=9, no=6, maybe=4
Doing value iteration variant INTERVAL_ITERATION with solnMethodOptions=0, maxIters=1, epsilon=1.0E-6 and topological=false
Starting value iteration (maxmin)...
Getting MECs...
Number of MECs: 0
Resulting interval: [0.75,0.75]
Value iteration variant INTERVAL_ITERATION(maxmin) took 3 iterations and 0.026 seconds.
Probabilistic reachability took 0.044 seconds.

Value in the initial state: 0.75

Time for model checking: 0.051 seconds.

Result: 0.75 (value in the initial state)

