PRISM-games
===========

Version: 3.0.beta (based on PRISM 4.5.dev)
Date: Sun Apr 30 22:50:36 CEST 2023
Hostname: matrix
Memory limits: cudd=1g, java(heap)=5g
Command line: prism-games ../case-studies/dice-N.prism ../case-studies/dice.props -const N=150 -prop 1 -ii -maxiters 1 -javamaxmem 5g -javastack 1g

Parsing model file "../case-studies/dice-N.prism"...

Type:        SMG
Modules:     player1 player2 
Variables:   s1 i x s2 y j 

Switching to explicit engine, which supports SMGs...

Parsing properties file "../case-studies/dice.props"...

2 properties:
(1) <<P1>>Pmax=? [ F "p1win" ]
(2) <<P1>>Pmax=? [ F "draw" ]

---------------------------------------------------------------------

Model checking: <<P1>>Pmax=? [ F "p1win" ]
Model constants: N=150

Building model...
Model constants: N=150

Computing reachable states... 309075 606356 813139 1054772 1236595 states
Reachable states exploration and model construction done in 13.972 secs.
Sorting reachable states list...

Time for model construction: 17.035 seconds.

Type:        SMG
States:      1236595 (1 initial)
Transitions: 3692664
Choices:     1645189
Max/avg:     2/1.33

Starting probabilistic reachability...
Starting Prob0 (maxmin)...
Prob0 (maxmin) took 306 iterations and 85.283 seconds.
Starting Prob1 (maxmin)...
Prob1 (maxmin) took 310 iterations and 87.75 seconds.
target=172125, yes=174375, no=550051, maybe=512169
Doing value iteration variant INTERVAL_ITERATION with solnMethodOptions=0, maxIters=1, epsilon=1.0E-6 and topological=false
Starting value iteration (maxmin)...
Getting MECs...
Number of MECs: 0
Resulting interval: [0.4039468761690969,0.40394771034818927]
Value iteration variant INTERVAL_ITERATION(maxmin) took 361 iterations and 121.884 seconds.
Probabilistic reachability took 294.971 seconds.

Value in the initial state: 0.4039468761690969

Time for model checking: 295.035 seconds.

Result: 0.4039468761690969 (value in the initial state)

