PRISM-games
===========

Version: 3.0.beta (based on PRISM 4.5.dev)
Date: Sun Apr 30 22:49:03 CEST 2023
Hostname: matrix
Memory limits: cudd=1g, java(heap)=5g
Command line: prism-games ../case-studies/hallway10_10.prism ../case-studies/hallway.props -prop 1 -ii -maxiters 1 -javamaxmem 5g -javastack 1g

Parsing model file "../case-studies/hallway10_10.prism"...

Type:        SMG
Modules:     agent human 
Variables:   turn x y look dmg s1 a b s2 

Switching to explicit engine, which supports SMGs...

Parsing properties file "../case-studies/hallway.props"...

2 properties:
(1) <<1>>Pmax=? [ F "saved" ]
(2) <<1>>Pmax=? [ G !"damaged" ]

---------------------------------------------------------------------

Model checking: <<1>>Pmax=? [ F "saved" ]

Building model...

Computing reachable states... 114623 273213 400000 states
Reachable states exploration and model construction done in 8.778 secs.
Sorting reachable states list...

Time for model construction: 10.057 seconds.

Type:        SMG
States:      400000 (1 initial)
Transitions: 1788800
Choices:     1008000
Max/avg:     5/2.52

Starting probabilistic reachability...
Starting Prob0 (maxmin)...
Prob0 (maxmin) took 23 iterations and 6.535 seconds.
Starting Prob1 (maxmin)...
Prob1 (maxmin) took 23 iterations and 5.829 seconds.
target=4000, yes=400000, no=0, maybe=0
Doing value iteration variant INTERVAL_ITERATION with solnMethodOptions=0, maxIters=1, epsilon=1.0E-6 and topological=false
Starting value iteration (maxmin)...
Getting MECs...
Number of MECs: 0
Resulting interval: [1.0,1.0]
Value iteration variant INTERVAL_ITERATION(maxmin) took 1 iterations and 0.04 seconds.
Probabilistic reachability took 12.449 seconds.

Value in the initial state: 1.0

Time for model checking: 12.63 seconds.

Result: 1.0 (value in the initial state)

