PRISM-games
===========

Version: 3.0.beta (based on PRISM 4.5.dev)
Date: Mon May 01 17:42:40 CEST 2023
Hostname: matrix
Memory limits: cudd=1g, java(heap)=5g
Command line: prism-games ../case-studies/mdp/zeroconf_dl.v1-SG.prism ../case-studies/mdp/zeroconf_dl.v1.props -const 'N=1000,K=1,reset=true,deadline=10' -ii -maxiters 1 -javamaxmem 5g -javastack 1g

Parsing model file "../case-studies/mdp/zeroconf_dl.v1-SG.prism"...

Type:        SMG
Modules:     environment host0 timer 
Variables:   b_ip7 b_ip6 b_ip5 b_ip4 b_ip3 b_ip2 b_ip1 b_ip0 n n0 n1 b z ip_mess x y coll probes mess defend ip l t 

Switching to explicit engine, which supports SMGs...

Parsing properties file "../case-studies/mdp/zeroconf_dl.v1.props"...

2 properties:
(1) "deadline_max": Pmax=? [ !(l=4&ip=2) U t>=deadline ]
(2) "deadline_min": Pmin=? [ !(l=4&ip=2) U t>=deadline ]

---------------------------------------------------------------------

Model checking: "deadline_max": Pmax=? [ !(l=4&ip=2) U t>=deadline ]
Model constants: reset=true,deadline=10,N=1000,K=1

Building model...
Model constants: reset=true,deadline=10,N=1000,K=1

Computing reachable states... 3835 states
Reachable states exploration and model construction done in 0.289 secs.
Sorting reachable states list...

Time for model construction: 0.316 seconds.

Warning: Deadlocks detected and fixed in 107 states

Type:        SMG
States:      3835 (1 initial)
Transitions: 6067
Choices:     4810
Max/avg:     4/1.25

Starting probabilistic reachability...
Starting Prob0 (maxmax)...
Prob0 (maxmax) took 17 iterations and 0.07 seconds.
Starting Prob1 (maxmax)...
Prob1 (maxmax) took 65 iterations and 0.137 seconds.
target=755, yes=3297, no=377, maybe=161
Doing value iteration variant INTERVAL_ITERATION with solnMethodOptions=0, maxIters=1, epsilon=1.0E-6 and topological=false
Starting value iteration (maxmax)...
Getting MECs...
Number of MECs: 0
Resulting interval: [0.015378937007874016,0.015378937007874016]
Value iteration variant INTERVAL_ITERATION(maxmax) took 1 iterations and 0.026 seconds.
Probabilistic reachability took 0.252 seconds.

Value in the initial state: 0.015378937007874016

Time for model checking: 0.267 seconds.

Result: 0.015378937007874016 (value in the initial state)

---------------------------------------------------------------------

Model checking: "deadline_min": Pmin=? [ !(l=4&ip=2) U t>=deadline ]
Model constants: reset=true,deadline=10,N=1000,K=1

Starting probabilistic reachability...
Starting Prob0 (minmin)...
Prob0 (minmin) took 34 iterations and 0.036 seconds.
Starting Prob1 (minmin)...
Prob1 (minmin) took 62 iterations and 0.076 seconds.
target=755, yes=2493, no=793, maybe=549
Doing value iteration variant INTERVAL_ITERATION with solnMethodOptions=0, maxIters=1, epsilon=1.0E-6 and topological=false
Starting value iteration (minmin)...
Getting MECs...
Number of MECs: 0
Resulting interval: [0.0014243349714726772,0.001424988079492671]
Value iteration variant INTERVAL_ITERATION(minmin) took 24 iterations and 0.037 seconds.
Probabilistic reachability took 0.151 seconds.

Value in the initial state: 0.0014243349714726772

Time for model checking: 0.154 seconds.

Result: 0.0014243349714726772 (value in the initial state)

---------------------------------------------------------------------

Note: There was 1 warning during computation.

